<?xml version="1.0" encoding="UTF-8"?>
<!-- Generated by org.testng.reporters.JUnitReportReporter -->
<testsuite skipped="0" hostname="ip-172-31-70-208" name="com.javatpoint.TestNG.loan_types" tests="3" failures="0" timestamp="2021-01-24T09:54:14 UTC" time="0.009" errors="0">
  <testcase name="displayClassName" time="0.007" classname="com.javatpoint.TestNG.loan_types"/>
  <system-out/>
  <testcase name="API_Login_CarLoan" time="0.001" classname="com.javatpoint.TestNG.loan_types"/>
  <system-out/>
  <testcase name="Web_Login_CarLoan" time="0.001" classname="com.javatpoint.TestNG.loan_types"/>
  <system-out/>
</testsuite> <!-- com.javatpoint.TestNG.loan_types -->
