<?xml version="1.0" encoding="UTF-8"?>
<!-- Generated by org.testng.reporters.JUnitReportReporter -->
<testsuite skipped="1" hostname="ip-172-31-70-208" name="com.javatpoint.TestNG.module1" tests="2" failures="0" timestamp="2021-01-24T11:49:43 UTC" time="0.002" errors="0">
  <testcase name="displayClassName" time="0.002" classname="com.javatpoint.TestNG.module1"/>
  <system-out/>
  <testcase name="test2" classname="com.javatpoint.TestNG.module1">
    <skipped/>
  </testcase> <!-- test2 -->
  <system-out/>
</testsuite> <!-- com.javatpoint.TestNG.module1 -->
