<?xml version="1.0" encoding="UTF-8"?>
<!-- Generated by org.testng.reporters.JUnitReportReporter -->
<testsuite skipped="0" hostname="ip-172-31-70-208" name="com.javatpoint.TestNG.Vegetables" tests="2" failures="0" timestamp="2021-01-24T11:02:24 UTC" time="0.002" errors="0">
  <testcase name="vegetable2" time="0.001" classname="com.javatpoint.TestNG.Vegetables"/>
  <system-out/>
  <testcase name="vegetable1" time="0.001" classname="com.javatpoint.TestNG.Vegetables"/>
  <system-out/>
</testsuite> <!-- com.javatpoint.TestNG.Vegetables -->
