<?xml version="1.0" encoding="UTF-8"?>
<!-- Generated by org.testng.reporters.JUnitReportReporter -->
<testsuite skipped="0" hostname="ip-172-31-70-208" name="com.javatpoint.TestNG.groups_in_group" tests="1" failures="0" timestamp="2021-01-24T10:25:37 UTC" time="0.007" errors="0">
  <testcase name="displayClassName" time="0.007" classname="com.javatpoint.TestNG.groups_in_group"/>
  <system-out/>
</testsuite> <!-- com.javatpoint.TestNG.groups_in_group -->
