<?xml version="1.0" encoding="UTF-8"?>
<!-- Generated by org.testng.reporters.JUnitReportReporter -->
<testsuite skipped="0" hostname="ip-172-31-70-208" name="com.simplelearn.Selenium.FirstSeleniumProject" tests="1" failures="0" timestamp="2021-01-24T11:00:30 UTC" time="0.006" errors="0">
  <testcase name="test" time="0.006" classname="com.simplelearn.Selenium.FirstSeleniumProject"/>
  <system-out/>
</testsuite> <!-- com.simplelearn.Selenium.FirstSeleniumProject -->
