<?xml version="1.0" encoding="UTF-8"?>
<!-- Generated by org.testng.reporters.JUnitReportReporter -->
<testsuite skipped="10" hostname="ip-172-31-70-208" name="framework.excel.TestNG_with_ExcelDataProvider" tests="17" failures="1" timestamp="2021-02-13T12:08:37 UTC" time="115.843" errors="0">
  <testcase name="Diff" time="0.002" classname="framework.excel.TestNG_with_ExcelDataProvider">
    <skipped/>
  </testcase> <!-- Diff -->
  <system-out>
********** Inside the @Test which uses [MethodAsDataProvider] data provider  </system-out>
  <testcase name="Diff" time="0.001" classname="framework.excel.TestNG_with_ExcelDataProvider">
    <skipped/>
  </testcase> <!-- Diff -->
  <system-out>
********** Inside the @Test which uses [MethodAsDataProvider] data provider  </system-out>
  <testcase name="Registration_data" time="23.065" classname="framework.excel.TestNG_with_ExcelDataProvider"/>
  <system-out>
********** Inside the @Test which uses [ExcelAsDataProvider] data provider ********** End of the @Test which uses [ExcelAsDataProvider] data provider  </system-out>
  <testcase name="Registration_data" time="23.093" classname="framework.excel.TestNG_with_ExcelDataProvider"/>
  <system-out>
********** Inside the @Test which uses [ExcelAsDataProvider] data provider ********** End of the @Test which uses [ExcelAsDataProvider] data provider  </system-out>
  <testcase name="Diff" time="0.001" classname="framework.excel.TestNG_with_ExcelDataProvider">
    <skipped/>
  </testcase> <!-- Diff -->
  <system-out>
********** Inside the @Test which uses [MethodAsDataProvider] data provider  </system-out>
  <testcase name="Registration_data" time="23.567" classname="framework.excel.TestNG_with_ExcelDataProvider"/>
  <system-out>
********** Inside the @Test which uses [ExcelAsDataProvider] data provider ********** End of the @Test which uses [ExcelAsDataProvider] data provider  </system-out>
  <testcase name="Diff" time="0.000" classname="framework.excel.TestNG_with_ExcelDataProvider">
    <skipped/>
  </testcase> <!-- Diff -->
  <system-out>
********** Inside the @Test which uses [MethodAsDataProvider] data provider  </system-out>
  <testcase name="Registration_data" time="23.062" classname="framework.excel.TestNG_with_ExcelDataProvider"/>
  <system-out>
********** Inside the @Test which uses [ExcelAsDataProvider] data provider ********** End of the @Test which uses [ExcelAsDataProvider] data provider  </system-out>
  <testcase name="Registration_data" time="23.035" classname="framework.excel.TestNG_with_ExcelDataProvider"/>
  <system-out>
********** Inside the @Test which uses [ExcelAsDataProvider] data provider ********** End of the @Test which uses [ExcelAsDataProvider] data provider  </system-out>
  <testcase name="Diff" time="0.001" classname="framework.excel.TestNG_with_ExcelDataProvider">
    <skipped/>
  </testcase> <!-- Diff -->
  <system-out>
********** Inside the @Test which uses [MethodAsDataProvider] data provider  </system-out>
  <testcase name="Diff" time="0.010" classname="framework.excel.TestNG_with_ExcelDataProvider"/>
  <system-out>
********** Inside the @Test which uses [MethodAsDataProvider] data provider ********** End of the @Test which uses [ExcelAsDataProvider] data provider  </system-out>
  <testcase name="Diff" time="0.001" classname="framework.excel.TestNG_with_ExcelDataProvider">
    <skipped/>
  </testcase> <!-- Diff -->
  <system-out>
********** Inside the @Test which uses [MethodAsDataProvider] data provider  </system-out>
  <testcase name="Diff" time="0.001" classname="framework.excel.TestNG_with_ExcelDataProvider">
    <failure type="java.lang.AssertionError" message="expected [-2] but found [-18]">
      <![CDATA[java.lang.AssertionError: expected [-2] but found [-18]
at org.testng.Assert.fail(Assert.java:99)
at org.testng.Assert.failNotEquals(Assert.java:1037)
at org.testng.Assert.assertEqualsImpl(Assert.java:140)
at org.testng.Assert.assertEquals(Assert.java:122)
at org.testng.Assert.assertEquals(Assert.java:907)
at org.testng.Assert.assertEquals(Assert.java:917)
at framework.excel.TestNG_with_ExcelDataProvider.Diff(TestNG_with_ExcelDataProvider.java:205)
at sun.reflect.NativeMethodAccessorImpl.invoke0(Native Method)
at sun.reflect.NativeMethodAccessorImpl.invoke(NativeMethodAccessorImpl.java:62)
at sun.reflect.DelegatingMethodAccessorImpl.invoke(DelegatingMethodAccessorImpl.java:43)
at java.lang.reflect.Method.invoke(Method.java:498)
at org.testng.internal.MethodInvocationHelper.invokeMethod(MethodInvocationHelper.java:132)
at org.testng.internal.TestInvoker.invokeMethod(TestInvoker.java:599)
at org.testng.internal.TestInvoker.retryFailed(TestInvoker.java:214)
at org.testng.internal.MethodRunner.runInSequence(MethodRunner.java:58)
at org.testng.internal.TestInvoker$MethodInvocationAgent.invoke(TestInvoker.java:822)
at org.testng.internal.TestInvoker.invokeTestMethods(TestInvoker.java:147)
at org.testng.internal.TestMethodWorker.invokeTestMethods(TestMethodWorker.java:146)
at org.testng.internal.TestMethodWorker.run(TestMethodWorker.java:128)
at java.util.ArrayList.forEach(ArrayList.java:1259)
at org.testng.TestRunner.privateRun(TestRunner.java:764)
at org.testng.TestRunner.run(TestRunner.java:585)
at org.testng.SuiteRunner.runTest(SuiteRunner.java:384)
at org.testng.SuiteRunner.runSequentially(SuiteRunner.java:378)
at org.testng.SuiteRunner.privateRun(SuiteRunner.java:337)
at org.testng.SuiteRunner.run(SuiteRunner.java:286)
at org.testng.SuiteRunnerWorker.runSuite(SuiteRunnerWorker.java:53)
at org.testng.SuiteRunnerWorker.run(SuiteRunnerWorker.java:96)
at org.testng.TestNG.runSuitesSequentially(TestNG.java:1218)
at org.testng.TestNG.runSuitesLocally(TestNG.java:1140)
at org.testng.TestNG.runSuites(TestNG.java:1069)
at org.testng.TestNG.run(TestNG.java:1037)
at org.testng.remote.AbstractRemoteTestNG.run(AbstractRemoteTestNG.java:115)
at org.testng.remote.RemoteTestNG.initAndRun(RemoteTestNG.java:251)
at org.testng.remote.RemoteTestNG.main(RemoteTestNG.java:77)
]]>
    </failure>
  </testcase> <!-- Diff -->
  <system-out>
********** Inside the @Test which uses [MethodAsDataProvider] data provider  </system-out>
  <testcase name="Diff" time="0.001" classname="framework.excel.TestNG_with_ExcelDataProvider">
    <skipped/>
  </testcase> <!-- Diff -->
  <system-out>
********** Inside the @Test which uses [MethodAsDataProvider] data provider  </system-out>
  <testcase name="Diff" time="0.001" classname="framework.excel.TestNG_with_ExcelDataProvider">
    <skipped/>
  </testcase> <!-- Diff -->
  <system-out>
********** Inside the @Test which uses [MethodAsDataProvider] data provider  </system-out>
  <testcase name="Diff" time="0.001" classname="framework.excel.TestNG_with_ExcelDataProvider">
    <skipped/>
  </testcase> <!-- Diff -->
  <system-out>
********** Inside the @Test which uses [MethodAsDataProvider] data provider  </system-out>
  <testcase name="Diff" time="0.001" classname="framework.excel.TestNG_with_ExcelDataProvider">
    <skipped/>
  </testcase> <!-- Diff -->
  <system-out>
********** Inside the @Test which uses [MethodAsDataProvider] data provider  </system-out>
</testsuite> <!-- framework.excel.TestNG_with_ExcelDataProvider -->
