<?xml version="1.0" encoding="UTF-8"?>
<!-- Generated by org.testng.reporters.JUnitReportReporter -->
<testsuite skipped="0" hostname="ip-172-31-70-208" name="com.project.amazon.test.Amazon_project_TestNG" tests="3" failures="0" timestamp="2021-02-15T04:34:26 UTC" time="13.109" errors="0">
  <testcase name="amazon_homepage" time="1.975" classname="com.project.amazon.test.Amazon_project_TestNG"/>
  <system-out/>
  <testcase name="amazon_smileNGO" time="10.042" classname="com.project.amazon.test.Amazon_project_TestNG"/>
  <system-out/>
  <testcase name="amazon_subCart" time="1.092" classname="com.project.amazon.test.Amazon_project_TestNG"/>
  <system-out/>
</testsuite> <!-- com.project.amazon.test.Amazon_project_TestNG -->
