<?xml version="1.0" encoding="UTF-8"?>
<!-- Generated by org.testng.reporters.JUnitReportReporter -->
<testsuite skipped="0" hostname="ip-172-31-70-208" name="com.simplelearn.Selenium.MultipleProgramsInSameClass_byUsingTestNG_Testannotation" tests="3" failures="0" timestamp="2021-01-24T11:00:30 UTC" time="0.010" errors="0">
  <testcase name="test2" time="0.004" classname="com.simplelearn.Selenium.MultipleProgramsInSameClass_byUsingTestNG_Testannotation"/>
  <system-out/>
  <testcase name="test1" time="0.003" classname="com.simplelearn.Selenium.MultipleProgramsInSameClass_byUsingTestNG_Testannotation"/>
  <system-out/>
  <testcase name="displayClassName" time="0.003" classname="com.simplelearn.Selenium.MultipleProgramsInSameClass_byUsingTestNG_Testannotation"/>
  <system-out/>
</testsuite> <!-- com.simplelearn.Selenium.MultipleProgramsInSameClass_byUsingTestNG_Testannotation -->
