<?xml version="1.0" encoding="UTF-8"?>
<!-- Generated by org.testng.reporters.JUnitReportReporter -->
<testsuite skipped="0" hostname="ip-172-31-70-208" name="com.toolsqa.DataProviders.ParallelTest3_inside_xml" tests="9" failures="0" timestamp="2021-01-28T14:24:19 UTC" time="0.090" errors="0">
  <testcase name="calculate" time="0.006" classname="com.toolsqa.DataProviders.ParallelTest3_inside_xml"/>
  <system-out/>
  <testcase name="calculate" time="0.015" classname="com.toolsqa.DataProviders.ParallelTest3_inside_xml"/>
  <system-out/>
  <testcase name="calculate" time="0.014" classname="com.toolsqa.DataProviders.ParallelTest3_inside_xml"/>
  <system-out/>
  <testcase name="calculate" time="0.015" classname="com.toolsqa.DataProviders.ParallelTest3_inside_xml"/>
  <system-out/>
  <testcase name="calculate" time="0.005" classname="com.toolsqa.DataProviders.ParallelTest3_inside_xml"/>
  <system-out/>
  <testcase name="calculate" time="0.004" classname="com.toolsqa.DataProviders.ParallelTest3_inside_xml"/>
  <system-out/>
  <testcase name="calculate" time="0.005" classname="com.toolsqa.DataProviders.ParallelTest3_inside_xml"/>
  <system-out/>
  <testcase name="calculate" time="0.004" classname="com.toolsqa.DataProviders.ParallelTest3_inside_xml"/>
  <system-out/>
  <testcase name="calculate" time="0.022" classname="com.toolsqa.DataProviders.ParallelTest3_inside_xml"/>
  <system-out/>
</testsuite> <!-- com.toolsqa.DataProviders.ParallelTest3_inside_xml -->
