<?xml version="1.0" encoding="UTF-8"?>
<!-- Generated by org.testng.reporters.JUnitReportReporter -->
<testsuite skipped="0" hostname="ip-172-31-70-208" name="com.javatpoint.TestNG.module2" tests="2" failures="0" timestamp="2021-01-24T11:49:43 UTC" time="0.008" errors="0">
  <testcase name="displayClassName" time="0.007" classname="com.javatpoint.TestNG.module2"/>
  <system-out/>
  <testcase name="test3" time="0.001" classname="com.javatpoint.TestNG.module2"/>
  <system-out/>
</testsuite> <!-- com.javatpoint.TestNG.module2 -->
